<?xml version="1.0" encoding="UTF-8"?>
<!-- Generated by org.testng.reporters.JUnitXMLReporter -->
<testsuite ignored="0" hostname="DESKTOP-C28O1GT" failures="0" tests="3" name="Test" time="41.519" errors="0" timestamp="11 Jan 2024 01:43:48 GMT">
  <testcase classname="com.Tutorialsninja.qa.TestCases.AddToCartTest" name="addValidProductToCart" time="3.397"/>
  <testcase classname="com.Tutorialsninja.qa.TestCases.LoginTest" name="verifyLoginWithInvalidEmailValidPassword" time="4.273"/>
  <testcase classname="com.Tutorialsninja.qa.TestCases.SearchProductTest" name="verifySearchWithValidProduct" time="3.735"/>
</testsuite> <!-- Test -->
