<?xml version="1.0" encoding="UTF-8"?>
<testng-results ignored="0" total="3" passed="3" failed="0" skipped="0">
  <reporter-output>
  </reporter-output>
  <suite started-at="2024-01-11T01:43:07Z" name="Suite" finished-at="2024-01-11T01:43:48Z" duration-ms="41519">
    <groups>
    </groups>
    <test started-at="2024-01-11T01:43:07Z" name="Test" finished-at="2024-01-11T01:43:48Z" duration-ms="41519">
      <class name="com.Tutorialsninja.qa.TestCases.LoginTest">
        <test-method is-config="true" signature="setup()[pri:0, instance:com.Tutorialsninja.qa.TestCases.LoginTest@1e802ef9]" started-at="2024-01-10T17:43:19Z" name="setup" finished-at="2024-01-10T17:43:32Z" duration-ms="13081" status="PASS">
          <reporter-output>
          </reporter-output>
        </test-method> <!-- setup -->
        <test-method signature="verifyLoginWithInvalidEmailValidPassword()[pri:0, instance:com.Tutorialsninja.qa.TestCases.LoginTest@1e802ef9]" started-at="2024-01-10T17:43:32Z" name="verifyLoginWithInvalidEmailValidPassword" finished-at="2024-01-10T17:43:37Z" duration-ms="4273" status="PASS">
          <reporter-output>
          </reporter-output>
        </test-method> <!-- verifyLoginWithInvalidEmailValidPassword -->
        <test-method is-config="true" signature="teardown()[pri:0, instance:com.Tutorialsninja.qa.TestCases.LoginTest@1e802ef9]" started-at="2024-01-10T17:43:37Z" name="teardown" finished-at="2024-01-10T17:43:37Z" duration-ms="237" status="PASS">
          <reporter-output>
          </reporter-output>
        </test-method> <!-- teardown -->
      </class> <!-- com.Tutorialsninja.qa.TestCases.LoginTest -->
      <class name="com.Tutorialsninja.qa.TestCases.SearchProductTest">
        <test-method is-config="true" signature="setup()[pri:0, instance:com.Tutorialsninja.qa.TestCases.SearchProductTest@4313f5bc]" started-at="2024-01-10T17:43:37Z" name="setup" finished-at="2024-01-10T17:43:44Z" duration-ms="7505" status="PASS">
          <reporter-output>
          </reporter-output>
        </test-method> <!-- setup -->
        <test-method signature="verifySearchWithValidProduct()[pri:1, instance:com.Tutorialsninja.qa.TestCases.SearchProductTest@4313f5bc]" started-at="2024-01-10T17:43:44Z" name="verifySearchWithValidProduct" finished-at="2024-01-10T17:43:48Z" duration-ms="3735" status="PASS">
          <reporter-output>
          </reporter-output>
        </test-method> <!-- verifySearchWithValidProduct -->
        <test-method is-config="true" signature="teraDown()[pri:0, instance:com.Tutorialsninja.qa.TestCases.SearchProductTest@4313f5bc]" started-at="2024-01-10T17:43:48Z" name="teraDown" finished-at="2024-01-10T17:43:48Z" duration-ms="252" status="PASS">
          <reporter-output>
          </reporter-output>
        </test-method> <!-- teraDown -->
      </class> <!-- com.Tutorialsninja.qa.TestCases.SearchProductTest -->
      <class name="com.Tutorialsninja.qa.TestCases.AddToCartTest">
        <test-method is-config="true" signature="setup()[pri:0, instance:com.Tutorialsninja.qa.TestCases.AddToCartTest@7f010382]" started-at="2024-01-10T17:43:07Z" name="setup" finished-at="2024-01-10T17:43:15Z" duration-ms="8685" status="PASS">
          <reporter-output>
          </reporter-output>
        </test-method> <!-- setup -->
        <test-method signature="addValidProductToCart()[pri:0, instance:com.Tutorialsninja.qa.TestCases.AddToCartTest@7f010382]" started-at="2024-01-10T17:43:15Z" name="addValidProductToCart" finished-at="2024-01-10T17:43:19Z" duration-ms="3397" status="PASS">
          <reporter-output>
          </reporter-output>
        </test-method> <!-- addValidProductToCart -->
        <test-method is-config="true" signature="tearDown()[pri:0, instance:com.Tutorialsninja.qa.TestCases.AddToCartTest@7f010382]" started-at="2024-01-10T17:43:19Z" name="tearDown" finished-at="2024-01-10T17:43:19Z" duration-ms="318" status="PASS">
          <reporter-output>
          </reporter-output>
        </test-method> <!-- tearDown -->
      </class> <!-- com.Tutorialsninja.qa.TestCases.AddToCartTest -->
    </test> <!-- Test -->
  </suite> <!-- Suite -->
</testng-results>
